[2024-03-25, 21:26:34] /home/container/webroot/cache/templates_c/4fe429d33b622fcbb06bcebd892246f9170a9524_0.file.index.tpl.php(59): count(): Argument #1 ($value) must be of type Countable|array, null given
[2024-03-25, 21:38:01] /home/container/webroot/vendor/smarty/smarty/libs/sysplugins/smarty_internal_template.php(196): Unable to load template 'file:members/members.tpl'
[2024-03-25, 21:39:32] /home/container/webroot/vendor/smarty/smarty/libs/sysplugins/smarty_internal_template.php(196): Unable to load template 'file:members/members.tpl'
[2024-03-25, 21:47:38] /home/container/webroot/core/classes/Database/DB.php(253): SQLSTATE[23000]: Integrity constraint violation: 1048 Column 'user_id' cannot be null
[2024-03-25, 21:47:47] /home/container/webroot/core/classes/Database/DB.php(253): SQLSTATE[23000]: Integrity constraint violation: 1048 Column 'user_id' cannot be null
[2024-03-25, 21:47:50] /home/container/webroot/core/classes/Database/DB.php(253): SQLSTATE[23000]: Integrity constraint violation: 1048 Column 'user_id' cannot be null
[2024-03-25, 21:47:51] /home/container/webroot/core/classes/Database/DB.php(253): SQLSTATE[23000]: Integrity constraint violation: 1048 Column 'user_id' cannot be null
[2024-03-25, 21:48:17] /home/container/webroot/core/classes/Database/DB.php(253): SQLSTATE[23000]: Integrity constraint violation: 1048 Column 'user_id' cannot be null
[2024-03-25, 21:48:21] /home/container/webroot/core/classes/Database/DB.php(253): SQLSTATE[23000]: Integrity constraint violation: 1048 Column 'user_id' cannot be null
[2024-03-25, 21:48:22] /home/container/webroot/core/classes/Database/DB.php(253): SQLSTATE[23000]: Integrity constraint violation: 1048 Column 'user_id' cannot be null
[2024-03-25, 21:48:27] /home/container/webroot/core/classes/Database/DB.php(253): SQLSTATE[23000]: Integrity constraint violation: 1048 Column 'user_id' cannot be null
[2024-03-25, 21:48:48] /home/container/webroot/core/classes/Database/DB.php(253): SQLSTATE[23000]: Integrity constraint violation: 1048 Column 'user_id' cannot be null
[2024-03-25, 21:48:53] /home/container/webroot/core/classes/Database/DB.php(253): SQLSTATE[23000]: Integrity constraint violation: 1048 Column 'user_id' cannot be null
[2024-03-25, 21:48:58] /home/container/webroot/core/classes/Database/DB.php(253): SQLSTATE[23000]: Integrity constraint violation: 1048 Column 'user_id' cannot be null
[2024-03-25, 21:49:09] /home/container/webroot/core/classes/Database/DB.php(253): SQLSTATE[23000]: Integrity constraint violation: 1048 Column 'user_id' cannot be null
[2024-03-25, 21:49:12] /home/container/webroot/core/classes/Database/DB.php(253): SQLSTATE[23000]: Integrity constraint violation: 1048 Column 'user_id' cannot be null
[2024-03-25, 21:49:21] /home/container/webroot/core/classes/Database/DB.php(253): SQLSTATE[23000]: Integrity constraint violation: 1048 Column 'user_id' cannot be null
[2024-03-25, 21:49:22] /home/container/webroot/core/classes/Database/DB.php(253): SQLSTATE[23000]: Integrity constraint violation: 1048 Column 'user_id' cannot be null
[2024-03-25, 21:54:31] /home/container/webroot/custom/templates/ModernX/template.php(326): Call to undefined method Util::getSelfURL()
[2024-03-25, 21:54:33] /home/container/webroot/custom/templates/ModernX/template.php(326): Call to undefined method Util::getSelfURL()
[2024-03-26, 02:39:39] /home/container/webroot/vendor/evert/sitemap-php/src/SitemapPHP/Sitemap.php(161): Class "XMLWriter" not found
[2024-03-26, 21:11:06] /home/container/webroot/vendor/smarty/smarty/libs/sysplugins/smarty_internal_template.php(196): Unable to load template 'file:members/members.tpl'
[2024-03-27, 14:22:36] /home/container/webroot/vendor/smarty/smarty/libs/sysplugins/smarty_internal_template.php(196): Unable to load template 'file:rules/rules.tpl'
[2024-03-27, 19:59:06] /home/container/webroot/vendor/smarty/smarty/libs/sysplugins/smarty_internal_template.php(196): Unable to load template 'file:badges/badges.tpl'
[2024-03-28, 08:42:24] /home/container/webroot/vendor/smarty/smarty/libs/sysplugins/smarty_internal_template.php(196): Unable to load template 'file:members/members.tpl'
[2024-03-28, 08:42:25] /home/container/webroot/vendor/smarty/smarty/libs/sysplugins/smarty_internal_template.php(196): Unable to load template 'file:members/members.tpl'
[2024-03-28, 18:40:57] /home/container/webroot/vendor/smarty/smarty/libs/sysplugins/smarty_internal_template.php(196): Unable to load template 'file:giveaway/giveaway.tpl'
[2024-03-28, 18:41:23] /home/container/webroot/vendor/smarty/smarty/libs/sysplugins/smarty_internal_template.php(196): Unable to load template 'file:members/members.tpl'
[2024-03-28, 19:06:32] /home/container/webroot/vendor/smarty/smarty/libs/sysplugins/smarty_internal_template.php(196): Unable to load template 'file:badges/badges.tpl'
[2024-03-31, 09:23:03] /home/container/webroot/vendor/smarty/smarty/libs/sysplugins/smarty_internal_template.php(196): Unable to load template 'file:rules/rules.tpl'
[2024-03-31, 09:23:29] /home/container/webroot/vendor/smarty/smarty/libs/sysplugins/smarty_internal_template.php(196): Unable to load template 'file:rules/rules.tpl'
[2024-03-31, 09:38:42] /home/container/webroot/vendor/smarty/smarty/libs/sysplugins/smarty_internal_template.php(196): Unable to load template 'file:rules/rules.tpl'
[2024-03-31, 14:11:08] /home/container/webroot/vendor/smarty/smarty/libs/sysplugins/smarty_internal_template.php(196): Unable to load template 'file:rules/rules.tpl'
[2024-03-31, 18:32:14] /home/container/webroot/vendor/smarty/smarty/libs/sysplugins/smarty_internal_template.php(196): Unable to load template 'file:members/members.tpl'
[2024-03-31, 18:33:15] /home/container/webroot/vendor/smarty/smarty/libs/sysplugins/smarty_internal_template.php(196): Unable to load template 'file:members/members.tpl'
[2024-03-31, 18:34:30] /home/container/webroot/modules/Core/module.php(543): Class "MemberListManager" not found
[2024-03-31, 18:34:34] /home/container/webroot/modules/Core/module.php(543): Class "MemberListManager" not found
[2024-03-31, 18:34:38] /home/container/webroot/modules/Core/module.php(543): Class "MemberListManager" not found
[2024-03-31, 18:34:39] /home/container/webroot/modules/Core/module.php(543): Class "MemberListManager" not found
[2024-03-31, 18:34:39] /home/container/webroot/modules/Core/module.php(543): Class "MemberListManager" not found
[2024-03-31, 18:34:40] /home/container/webroot/modules/Core/module.php(543): Class "MemberListManager" not found
[2024-03-31, 18:34:44] /home/container/webroot/modules/Core/module.php(543): Class "MemberListManager" not found
[2024-03-31, 18:34:47] /home/container/webroot/modules/Core/module.php(543): Class "MemberListManager" not found
[2024-03-31, 18:35:01] /home/container/webroot/modules/Core/module.php(543): Class "MemberListManager" not found
[2024-03-31, 18:36:54] /home/container/webroot/modules/Core/module.php(543): Class "MemberListManager" not found
